<?xml version="1.0" encoding="UTF-8"?>
<testng-results skipped="0" failed="0" ignored="0" total="1" passed="1">
  <reporter-output>
  </reporter-output>
  <suite name="Default suite" duration-ms="87994" started-at="2019-04-02T07:13:29Z" finished-at="2019-04-02T07:14:57Z">
    <groups>
      <group name="cucumber">
        <method signature="AbstractTestNGCucumberTests.feature(cucumber.api.testng.CucumberFeatureWrapper)[pri:0, instance:com.selogerMobile.e2eTests.RunTest@544a2ea6]" name="feature" class="cucumber.api.testng.AbstractTestNGCucumberTests"/>
      </group> <!-- cucumber -->
    </groups>
    <test name="Default test" duration-ms="87994" started-at="2019-04-02T07:13:29Z" finished-at="2019-04-02T07:14:57Z">
      <class name="com.selogerMobile.e2eTests.RunTest">
        <test-method status="PASS" signature="setUpClass()[pri:0, instance:com.selogerMobile.e2eTests.RunTest@544a2ea6]" name="setUpClass" is-config="true" duration-ms="439" started-at="2019-04-02T07:13:29Z" finished-at="2019-04-02T07:13:29Z">
          <reporter-output>
          </reporter-output>
        </test-method> <!-- setUpClass -->
        <test-method status="PASS" signature="feature(cucumber.api.testng.CucumberFeatureWrapper)[pri:0, instance:com.selogerMobile.e2eTests.RunTest@544a2ea6]" name="feature" duration-ms="86657" started-at="2019-04-02T07:13:30Z" description="Runs Cucumber Feature" data-provider="features" finished-at="2019-04-02T07:14:56Z">
          <params>
            <param index="0">
              <value>
                <![CDATA[Seloger Mobile - Accueil]]>
              </value>
            </param>
          </params>
          <reporter-output>
          </reporter-output>
        </test-method> <!-- feature -->
        <test-method status="PASS" signature="writeExtentReport()[pri:0, instance:com.selogerMobile.e2eTests.RunTest@544a2ea6]" name="writeExtentReport" is-config="true" duration-ms="54" started-at="2019-04-02T07:14:56Z" finished-at="2019-04-02T07:14:56Z">
          <reporter-output>
          </reporter-output>
        </test-method> <!-- writeExtentReport -->
        <test-method status="PASS" signature="tearDownClass()[pri:0, instance:com.selogerMobile.e2eTests.RunTest@544a2ea6]" name="tearDownClass" is-config="true" duration-ms="686" started-at="2019-04-02T07:14:56Z" finished-at="2019-04-02T07:14:57Z">
          <reporter-output>
          </reporter-output>
        </test-method> <!-- tearDownClass -->
      </class> <!-- com.selogerMobile.e2eTests.RunTest -->
    </test> <!-- Default test -->
  </suite> <!-- Default suite -->
</testng-results>
